<?xml version="1.0" encoding="UTF-8"?>
<coverage generated="1769067388282" clover="3.2.0">
  <project timestamp="1769067388282" name="All files">
    <metrics statements="142" coveredstatements="139" conditionals="103" coveredconditionals="95" methods="22" coveredmethods="22" elements="267" coveredelements="256" complexity="0" loc="142" ncloc="142" packages="1" files="8" classes="8"/>
    <file name="config.js" path="/Users/argerfmac/Desktop/yazilim/temp/ictihat-programi-parser/js/config.js">
      <metrics statements="3" coveredstatements="3" conditionals="0" coveredconditionals="0" methods="2" coveredmethods="2"/>
      <line num="4" count="3" type="stmt"/>
      <line num="7" count="25" type="stmt"/>
      <line num="11" count="28" type="stmt"/>
    </file>
    <file name="keyword-processor.js" path="/Users/argerfmac/Desktop/yazilim/temp/ictihat-programi-parser/js/keyword-processor.js">
      <metrics statements="8" coveredstatements="8" conditionals="6" coveredconditionals="6" methods="2" coveredmethods="2"/>
      <line num="7" count="2" type="stmt"/>
      <line num="9" count="13" type="stmt"/>
      <line num="11" count="13" type="cond" truecount="4" falsecount="0"/>
      <line num="14" count="12" type="stmt"/>
      <line num="16" count="12" type="stmt"/>
      <line num="19" count="34" type="stmt"/>
      <line num="20" count="34" type="cond" truecount="2" falsecount="0"/>
      <line num="22" count="12" type="stmt"/>
    </file>
    <file name="law-processor.js" path="/Users/argerfmac/Desktop/yazilim/temp/ictihat-programi-parser/js/law-processor.js">
      <metrics statements="33" coveredstatements="30" conditionals="31" coveredconditionals="25" methods="5" coveredmethods="5"/>
      <line num="5" count="2" type="stmt"/>
      <line num="7" count="17" type="stmt"/>
      <line num="9" count="17" type="stmt"/>
      <line num="15" count="17" type="stmt"/>
      <line num="18" count="17" type="stmt"/>
      <line num="21" count="17" type="stmt"/>
      <line num="22" count="24" type="stmt"/>
      <line num="26" count="24" type="stmt"/>
      <line num="27" count="11" type="stmt"/>
      <line num="28" count="11" type="stmt"/>
      <line num="30" count="11" type="cond" truecount="1" falsecount="1"/>
      <line num="31" count="0" type="stmt"/>
      <line num="33" count="11" type="cond" truecount="2" falsecount="0"/>
      <line num="35" count="11" type="cond" truecount="4" falsecount="0"/>
      <line num="37" count="11" type="stmt"/>
      <line num="41" count="24" type="stmt"/>
      <line num="42" count="1" type="stmt"/>
      <line num="46" count="17" type="stmt"/>
      <line num="51" count="17" type="cond" truecount="1" falsecount="1"/>
      <line num="54" count="17" type="stmt"/>
      <line num="55" count="4" type="cond" truecount="4" falsecount="0"/>
      <line num="56" count="1" type="cond" truecount="4" falsecount="1"/>
      <line num="57" count="1" type="stmt"/>
      <line num="60" count="17" type="cond" truecount="2" falsecount="0"/>
      <line num="61" count="14" type="stmt"/>
      <line num="68" count="14" type="stmt"/>
      <line num="72" count="17" type="cond" truecount="2" falsecount="2"/>
      <line num="73" count="0" type="stmt"/>
      <line num="74" count="0" type="stmt"/>
      <line num="78" count="17" type="cond" truecount="2" falsecount="0"/>
      <line num="79" count="6" type="stmt"/>
      <line num="80" count="6" type="cond" truecount="2" falsecount="0"/>
      <line num="81" count="5" type="stmt"/>
    </file>
    <file name="legal-analyzer.js" path="/Users/argerfmac/Desktop/yazilim/temp/ictihat-programi-parser/js/legal-analyzer.js">
      <metrics statements="4" coveredstatements="4" conditionals="2" coveredconditionals="2" methods="1" coveredmethods="1"/>
      <line num="12" count="1" type="stmt"/>
      <line num="14" count="9" type="cond" truecount="2" falsecount="0"/>
      <line num="15" count="7" type="stmt"/>
      <line num="16" count="7" type="stmt"/>
    </file>
    <file name="legal-logic-processor.js" path="/Users/argerfmac/Desktop/yazilim/temp/ictihat-programi-parser/js/legal-logic-processor.js">
      <metrics statements="51" coveredstatements="51" conditionals="4" coveredconditionals="3" methods="2" coveredmethods="2"/>
      <line num="5" count="2" type="stmt"/>
      <line num="7" count="21" type="stmt"/>
      <line num="8" count="21" type="stmt"/>
      <line num="9" count="21" type="stmt"/>
      <line num="12" count="21" type="stmt"/>
      <line num="17" count="21" type="stmt"/>
      <line num="18" count="21" type="stmt"/>
      <line num="19" count="21" type="stmt"/>
      <line num="22" count="21" type="stmt"/>
      <line num="29" count="21" type="stmt"/>
      <line num="30" count="21" type="stmt"/>
      <line num="31" count="21" type="stmt"/>
      <line num="34" count="21" type="stmt"/>
      <line num="41" count="21" type="stmt"/>
      <line num="42" count="21" type="stmt"/>
      <line num="43" count="21" type="stmt"/>
      <line num="46" count="21" type="stmt"/>
      <line num="53" count="21" type="stmt"/>
      <line num="54" count="21" type="stmt"/>
      <line num="55" count="21" type="stmt"/>
      <line num="58" count="21" type="stmt"/>
      <line num="64" count="21" type="stmt"/>
      <line num="65" count="21" type="stmt"/>
      <line num="66" count="21" type="stmt"/>
      <line num="69" count="21" type="stmt"/>
      <line num="74" count="21" type="stmt"/>
      <line num="75" count="21" type="stmt"/>
      <line num="76" count="21" type="stmt"/>
      <line num="79" count="21" type="stmt"/>
      <line num="84" count="21" type="stmt"/>
      <line num="85" count="21" type="stmt"/>
      <line num="86" count="21" type="stmt"/>
      <line num="89" count="21" type="stmt"/>
      <line num="94" count="21" type="stmt"/>
      <line num="95" count="21" type="stmt"/>
      <line num="96" count="21" type="stmt"/>
      <line num="99" count="21" type="stmt"/>
      <line num="104" count="21" type="stmt"/>
      <line num="105" count="21" type="stmt"/>
      <line num="106" count="21" type="stmt"/>
      <line num="109" count="21" type="stmt"/>
      <line num="114" count="21" type="stmt"/>
      <line num="115" count="21" type="stmt"/>
      <line num="116" count="21" type="stmt"/>
      <line num="118" count="21" type="stmt"/>
      <line num="122" count="212" type="stmt"/>
      <line num="123" count="282" type="stmt"/>
      <line num="124" count="282" type="stmt"/>
      <line num="125" count="988" type="cond" truecount="2" falsecount="0"/>
      <line num="126" count="18" type="stmt"/>
      <line num="136" count="194" type="stmt"/>
    </file>
    <file name="meta-processor.js" path="/Users/argerfmac/Desktop/yazilim/temp/ictihat-programi-parser/js/meta-processor.js">
      <metrics statements="25" coveredstatements="25" conditionals="44" coveredconditionals="43" methods="5" coveredmethods="5"/>
      <line num="5" count="2" type="stmt"/>
      <line num="8" count="16" type="stmt"/>
      <line num="9" count="16" type="cond" truecount="2" falsecount="0"/>
      <line num="12" count="16" type="cond" truecount="2" falsecount="0"/>
      <line num="15" count="16" type="stmt"/>
      <line num="16" count="16" type="stmt"/>
      <line num="17" count="16" type="cond" truecount="2" falsecount="0"/>
      <line num="18" count="16" type="cond" truecount="2" falsecount="0"/>
      <line num="19" count="16" type="cond" truecount="4" falsecount="0"/>
      <line num="22" count="16" type="stmt"/>
      <line num="23" count="16" type="stmt"/>
      <line num="24" count="16" type="cond" truecount="2" falsecount="0"/>
      <line num="25" count="16" type="cond" truecount="2" falsecount="0"/>
      <line num="26" count="16" type="cond" truecount="3" falsecount="1"/>
      <line num="29" count="16" type="stmt"/>
      <line num="31" count="16" type="stmt"/>
      <line num="50" count="18" type="stmt"/>
      <line num="51" count="18" type="cond" truecount="2" falsecount="0"/>
      <line num="54" count="18" type="stmt"/>
      <line num="55" count="18" type="stmt"/>
      <line num="57" count="18" type="stmt"/>
      <line num="58" count="31" type="stmt"/>
      <line num="60" count="31" type="cond" truecount="8" falsecount="0"/>
      <line num="66" count="7" type="stmt"/>
      <line num="70" count="18" type="cond" truecount="2" falsecount="0"/>
    </file>
    <file name="sentiment-processor.js" path="/Users/argerfmac/Desktop/yazilim/temp/ictihat-programi-parser/js/sentiment-processor.js">
      <metrics statements="13" coveredstatements="13" conditionals="10" coveredconditionals="10" methods="4" coveredmethods="4"/>
      <line num="7" count="2" type="stmt"/>
      <line num="9" count="15" type="stmt"/>
      <line num="10" count="15" type="stmt"/>
      <line num="11" count="15" type="stmt"/>
      <line num="13" count="15" type="cond" truecount="2" falsecount="0"/>
      <line num="15" count="14" type="stmt"/>
      <line num="16" count="56" type="stmt"/>
      <line num="17" count="98" type="stmt"/>
      <line num="18" count="98" type="stmt"/>
      <line num="19" count="98" type="cond" truecount="2" falsecount="0"/>
      <line num="20" count="98" type="stmt"/>
      <line num="26" count="42" type="cond" truecount="2" falsecount="0"/>
      <line num="28" count="14" type="stmt"/>
    </file>
    <file name="stats-processor.js" path="/Users/argerfmac/Desktop/yazilim/temp/ictihat-programi-parser/js/stats-processor.js">
      <metrics statements="5" coveredstatements="5" conditionals="6" coveredconditionals="6" methods="1" coveredmethods="1"/>
      <line num="5" count="2" type="stmt"/>
      <line num="7" count="13" type="stmt"/>
      <line num="8" count="13" type="cond" truecount="2" falsecount="0"/>
      <line num="9" count="13" type="cond" truecount="2" falsecount="0"/>
      <line num="10" count="13" type="stmt"/>
    </file>
  </project>
</coverage>
