{"/Users/argerfmac/Desktop/yazilim/temp/ictihat-programi-parser/js/config.js": {"path":"/Users/argerfmac/Desktop/yazilim/temp/ictihat-programi-parser/js/config.js","statementMap":{"0":{"start":{"line":4,"column":30},"end":{"line":4,"column":74}},"1":{"start":{"line":7,"column":2},"end":{"line":7,"column":26}},"2":{"start":{"line":11,"column":2},"end":{"line":11,"column":26}}},"fnMap":{"0":{"name":"setLegalDictionary","decl":{"start":{"line":6,"column":16},"end":{"line":6,"column":34}},"loc":{"start":{"line":6,"column":41},"end":{"line":8,"column":1}},"line":6},"1":{"name":"getLegalDictionary","decl":{"start":{"line":10,"column":16},"end":{"line":10,"column":34}},"loc":{"start":{"line":10,"column":37},"end":{"line":12,"column":1}},"line":10}},"branchMap":{},"s":{"0":3,"1":25,"2":28},"f":{"0":25,"1":28},"b":{},"inputSourceMap":null,"_coverageSchema":"1a1c01bbd47fc00a2c39e90264f33305004495a9","hash":"08082469a7fc7c13c1f7758e22aaa27141e6ad76"}
,"/Users/argerfmac/Desktop/yazilim/temp/ictihat-programi-parser/js/keyword-processor.js": {"path":"/Users/argerfmac/Desktop/yazilim/temp/ictihat-programi-parser/js/keyword-processor.js","statementMap":{"0":{"start":{"line":7,"column":32},"end":{"line":24,"column":1}},"1":{"start":{"line":9,"column":23},"end":{"line":9,"column":54}},"2":{"start":{"line":11,"column":4},"end":{"line":11,"column":60}},"3":{"start":{"line":11,"column":50},"end":{"line":11,"column":60}},"4":{"start":{"line":14,"column":24},"end":{"line":14,"column":33}},"5":{"start":{"line":16,"column":4},"end":{"line":21,"column":7}},"6":{"start":{"line":19,"column":17},"end":{"line":19,"column":50}},"7":{"start":{"line":20,"column":6},"end":{"line":20,"column":47}},"8":{"start":{"line":20,"column":25},"end":{"line":20,"column":47}},"9":{"start":{"line":22,"column":4},"end":{"line":22,"column":35}}},"fnMap":{"0":{"name":"(anonymous_0)","decl":{"start":{"line":8,"column":2},"end":{"line":8,"column":3}},"loc":{"start":{"line":8,"column":16},"end":{"line":23,"column":3}},"line":8},"1":{"name":"(anonymous_1)","decl":{"start":{"line":16,"column":23},"end":{"line":16,"column":24}},"loc":{"start":{"line":16,"column":31},"end":{"line":21,"column":5}},"line":16}},"branchMap":{"0":{"loc":{"start":{"line":11,"column":4},"end":{"line":11,"column":60}},"type":"if","locations":[{"start":{"line":11,"column":4},"end":{"line":11,"column":60}},{"start":{},"end":{}}],"line":11},"1":{"loc":{"start":{"line":11,"column":7},"end":{"line":11,"column":48}},"type":"binary-expr","locations":[{"start":{"line":11,"column":7},"end":{"line":11,"column":18}},{"start":{"line":11,"column":22},"end":{"line":11,"column":48}}],"line":11},"2":{"loc":{"start":{"line":20,"column":6},"end":{"line":20,"column":47}},"type":"if","locations":[{"start":{"line":20,"column":6},"end":{"line":20,"column":47}},{"start":{},"end":{}}],"line":20}},"s":{"0":2,"1":13,"2":13,"3":1,"4":12,"5":12,"6":34,"7":34,"8":4,"9":12},"f":{"0":13,"1":34},"b":{"0":[1,12],"1":[13,12],"2":[4,30]},"inputSourceMap":null,"_coverageSchema":"1a1c01bbd47fc00a2c39e90264f33305004495a9","hash":"9211e04e1baa915e93c85f27aaeaf974af8fdf2a"}
,"/Users/argerfmac/Desktop/yazilim/temp/ictihat-programi-parser/js/law-processor.js": {"path":"/Users/argerfmac/Desktop/yazilim/temp/ictihat-programi-parser/js/law-processor.js","statementMap":{"0":{"start":{"line":5,"column":28},"end":{"line":90,"column":1}},"1":{"start":{"line":7,"column":17},"end":{"line":7,"column":19}},"2":{"start":{"line":9,"column":18},"end":{"line":9,"column":34}},"3":{"start":{"line":15,"column":24},"end":{"line":15,"column":172}},"4":{"start":{"line":18,"column":20},"end":{"line":18,"column":87}},"5":{"start":{"line":21,"column":4},"end":{"line":44,"column":7}},"6":{"start":{"line":22,"column":22},"end":{"line":22,"column":35}},"7":{"start":{"line":26,"column":6},"end":{"line":38,"column":7}},"8":{"start":{"line":27,"column":22},"end":{"line":27,"column":26}},"9":{"start":{"line":28,"column":22},"end":{"line":28,"column":33}},"10":{"start":{"line":30,"column":8},"end":{"line":32,"column":9}},"11":{"start":{"line":31,"column":10},"end":{"line":31,"column":49}},"12":{"start":{"line":33,"column":26},"end":{"line":33,"column":38}},"13":{"start":{"line":35,"column":24},"end":{"line":35,"column":52}},"14":{"start":{"line":37,"column":8},"end":{"line":37,"column":77}},"15":{"start":{"line":41,"column":6},"end":{"line":43,"column":7}},"16":{"start":{"line":42,"column":8},"end":{"line":42,"column":65}},"17":{"start":{"line":46,"column":4},"end":{"line":46,"column":16}},"18":{"start":{"line":51,"column":22},"end":{"line":51,"column":66}},"19":{"start":{"line":54,"column":14},"end":{"line":58,"column":6}},"20":{"start":{"line":55,"column":6},"end":{"line":55,"column":44}},"21":{"start":{"line":55,"column":32},"end":{"line":55,"column":44}},"22":{"start":{"line":56,"column":6},"end":{"line":56,"column":101}},"23":{"start":{"line":56,"column":89},"end":{"line":56,"column":101}},"24":{"start":{"line":57,"column":6},"end":{"line":57,"column":19}},"25":{"start":{"line":60,"column":4},"end":{"line":69,"column":5}},"26":{"start":{"line":61,"column":6},"end":{"line":67,"column":8}},"27":{"start":{"line":68,"column":6},"end":{"line":68,"column":21}},"28":{"start":{"line":72,"column":4},"end":{"line":75,"column":5}},"29":{"start":{"line":73,"column":6},"end":{"line":73,"column":25}},"30":{"start":{"line":74,"column":6},"end":{"line":74,"column":32}},"31":{"start":{"line":78,"column":4},"end":{"line":88,"column":5}},"32":{"start":{"line":79,"column":17},"end":{"line":79,"column":61}},"33":{"start":{"line":79,"column":43},"end":{"line":79,"column":60}},"34":{"start":{"line":80,"column":6},"end":{"line":87,"column":7}},"35":{"start":{"line":81,"column":8},"end":{"line":86,"column":11}}},"fnMap":{"0":{"name":"(anonymous_0)","decl":{"start":{"line":6,"column":2},"end":{"line":6,"column":3}},"loc":{"start":{"line":6,"column":14},"end":{"line":47,"column":3}},"line":6},"1":{"name":"(anonymous_1)","decl":{"start":{"line":21,"column":18},"end":{"line":21,"column":19}},"loc":{"start":{"line":21,"column":39},"end":{"line":44,"column":5}},"line":21},"2":{"name":"(anonymous_2)","decl":{"start":{"line":49,"column":2},"end":{"line":49,"column":3}},"loc":{"start":{"line":49,"column":65},"end":{"line":89,"column":3}},"line":49},"3":{"name":"(anonymous_3)","decl":{"start":{"line":54,"column":24},"end":{"line":54,"column":25}},"loc":{"start":{"line":54,"column":29},"end":{"line":58,"column":5}},"line":54},"4":{"name":"(anonymous_4)","decl":{"start":{"line":79,"column":35},"end":{"line":79,"column":36}},"loc":{"start":{"line":79,"column":43},"end":{"line":79,"column":60}},"line":79}},"branchMap":{"0":{"loc":{"start":{"line":30,"column":8},"end":{"line":32,"column":9}},"type":"if","locations":[{"start":{"line":30,"column":8},"end":{"line":32,"column":9}},{"start":{},"end":{}}],"line":30},"1":{"loc":{"start":{"line":33,"column":26},"end":{"line":33,"column":38}},"type":"binary-expr","locations":[{"start":{"line":33,"column":26},"end":{"line":33,"column":30}},{"start":{"line":33,"column":34},"end":{"line":33,"column":38}}],"line":33},"2":{"loc":{"start":{"line":35,"column":24},"end":{"line":35,"column":52}},"type":"binary-expr","locations":[{"start":{"line":35,"column":24},"end":{"line":35,"column":28}},{"start":{"line":35,"column":32},"end":{"line":35,"column":36}},{"start":{"line":35,"column":40},"end":{"line":35,"column":44}},{"start":{"line":35,"column":48},"end":{"line":35,"column":52}}],"line":35},"3":{"loc":{"start":{"line":51,"column":22},"end":{"line":51,"column":66}},"type":"cond-expr","locations":[{"start":{"line":51,"column":29},"end":{"line":51,"column":59}},{"start":{"line":51,"column":62},"end":{"line":51,"column":66}}],"line":51},"4":{"loc":{"start":{"line":55,"column":6},"end":{"line":55,"column":44}},"type":"if","locations":[{"start":{"line":55,"column":6},"end":{"line":55,"column":44}},{"start":{},"end":{}}],"line":55},"5":{"loc":{"start":{"line":55,"column":10},"end":{"line":55,"column":30}},"type":"binary-expr","locations":[{"start":{"line":55,"column":10},"end":{"line":55,"column":12}},{"start":{"line":55,"column":16},"end":{"line":55,"column":30}}],"line":55},"6":{"loc":{"start":{"line":56,"column":6},"end":{"line":56,"column":101}},"type":"if","locations":[{"start":{"line":56,"column":6},"end":{"line":56,"column":101}},{"start":{},"end":{}}],"line":56},"7":{"loc":{"start":{"line":56,"column":10},"end":{"line":56,"column":87}},"type":"binary-expr","locations":[{"start":{"line":56,"column":10},"end":{"line":56,"column":19}},{"start":{"line":56,"column":23},"end":{"line":56,"column":32}},{"start":{"line":56,"column":36},"end":{"line":56,"column":87}}],"line":56},"8":{"loc":{"start":{"line":60,"column":4},"end":{"line":69,"column":5}},"type":"if","locations":[{"start":{"line":60,"column":4},"end":{"line":69,"column":5}},{"start":{},"end":{}}],"line":60},"9":{"loc":{"start":{"line":72,"column":4},"end":{"line":75,"column":5}},"type":"if","locations":[{"start":{"line":72,"column":4},"end":{"line":75,"column":5}},{"start":{},"end":{}}],"line":72},"10":{"loc":{"start":{"line":72,"column":8},"end":{"line":72,"column":35}},"type":"binary-expr","locations":[{"start":{"line":72,"column":8},"end":{"line":72,"column":17}},{"start":{"line":72,"column":21},"end":{"line":72,"column":35}}],"line":72},"11":{"loc":{"start":{"line":78,"column":4},"end":{"line":88,"column":5}},"type":"if","locations":[{"start":{"line":78,"column":4},"end":{"line":88,"column":5}},{"start":{},"end":{}}],"line":78},"12":{"loc":{"start":{"line":80,"column":6},"end":{"line":87,"column":7}},"type":"if","locations":[{"start":{"line":80,"column":6},"end":{"line":87,"column":7}},{"start":{},"end":{}}],"line":80},"13":{"loc":{"start":{"line":83,"column":58},"end":{"line":83,"column":102}},"type":"cond-expr","locations":[{"start":{"line":83,"column":92},"end":{"line":83,"column":97}},{"start":{"line":83,"column":100},"end":{"line":83,"column":102}}],"line":83}},"s":{"0":2,"1":17,"2":17,"3":17,"4":17,"5":17,"6":24,"7":24,"8":11,"9":11,"10":11,"11":0,"12":11,"13":11,"14":11,"15":24,"16":1,"17":17,"18":17,"19":17,"20":4,"21":3,"22":1,"23":0,"24":1,"25":17,"26":14,"27":14,"28":17,"29":0,"30":0,"31":17,"32":6,"33":2,"34":6,"35":5},"f":{"0":17,"1":24,"2":17,"3":4,"4":2},"b":{"0":[0,11],"1":[11,11],"2":[11,11,11,11],"3":[17,0],"4":[3,1],"5":[4,4],"6":[0,1],"7":[1,1,1],"8":[14,3],"9":[0,17],"10":[17,0],"11":[6,11],"12":[5,1],"13":[0,5]},"inputSourceMap":null,"_coverageSchema":"1a1c01bbd47fc00a2c39e90264f33305004495a9","hash":"419d775dd632812da0c6f6ed408f245e83b0359c"}
,"/Users/argerfmac/Desktop/yazilim/temp/ictihat-programi-parser/js/legal-analyzer.js": {"path":"/Users/argerfmac/Desktop/yazilim/temp/ictihat-programi-parser/js/legal-analyzer.js","statementMap":{"0":{"start":{"line":12,"column":29},"end":{"line":26,"column":1}},"1":{"start":{"line":14,"column":4},"end":{"line":14,"column":34}},"2":{"start":{"line":14,"column":22},"end":{"line":14,"column":34}},"3":{"start":{"line":15,"column":21},"end":{"line":15,"column":51}},"4":{"start":{"line":16,"column":4},"end":{"line":24,"column":6}}},"fnMap":{"0":{"name":"(anonymous_0)","decl":{"start":{"line":13,"column":2},"end":{"line":13,"column":3}},"loc":{"start":{"line":13,"column":16},"end":{"line":25,"column":3}},"line":13}},"branchMap":{"0":{"loc":{"start":{"line":14,"column":4},"end":{"line":14,"column":34}},"type":"if","locations":[{"start":{"line":14,"column":4},"end":{"line":14,"column":34}},{"start":{},"end":{}}],"line":14}},"s":{"0":1,"1":9,"2":2,"3":7,"4":7},"f":{"0":9},"b":{"0":[2,7]},"inputSourceMap":null,"_coverageSchema":"1a1c01bbd47fc00a2c39e90264f33305004495a9","hash":"f16800fa94a3475b7f852720e74e288e071c8ff2"}
,"/Users/argerfmac/Desktop/yazilim/temp/ictihat-programi-parser/js/legal-logic-processor.js": {"path":"/Users/argerfmac/Desktop/yazilim/temp/ictihat-programi-parser/js/legal-logic-processor.js","statementMap":{"0":{"start":{"line":5,"column":35},"end":{"line":144,"column":1}},"1":{"start":{"line":7,"column":18},"end":{"line":7,"column":34}},"2":{"start":{"line":8,"column":18},"end":{"line":8,"column":20}},"3":{"start":{"line":9,"column":20},"end":{"line":9,"column":22}},"4":{"start":{"line":12,"column":25},"end":{"line":16,"column":5}},"5":{"start":{"line":17,"column":23},"end":{"line":17,"column":77}},"6":{"start":{"line":18,"column":4},"end":{"line":18,"column":43}},"7":{"start":{"line":19,"column":4},"end":{"line":19,"column":39}},"8":{"start":{"line":22,"column":26},"end":{"line":28,"column":5}},"9":{"start":{"line":29,"column":24},"end":{"line":29,"column":74}},"10":{"start":{"line":30,"column":4},"end":{"line":30,"column":39}},"11":{"start":{"line":31,"column":4},"end":{"line":31,"column":35}},"12":{"start":{"line":34,"column":26},"end":{"line":40,"column":5}},"13":{"start":{"line":41,"column":24},"end":{"line":41,"column":74}},"14":{"start":{"line":42,"column":4},"end":{"line":42,"column":39}},"15":{"start":{"line":43,"column":4},"end":{"line":43,"column":35}},"16":{"start":{"line":46,"column":24},"end":{"line":52,"column":5}},"17":{"start":{"line":53,"column":22},"end":{"line":53,"column":68}},"18":{"start":{"line":54,"column":4},"end":{"line":54,"column":35}},"19":{"start":{"line":55,"column":4},"end":{"line":55,"column":31}},"20":{"start":{"line":58,"column":26},"end":{"line":63,"column":5}},"21":{"start":{"line":64,"column":24},"end":{"line":64,"column":74}},"22":{"start":{"line":65,"column":4},"end":{"line":65,"column":39}},"23":{"start":{"line":66,"column":4},"end":{"line":66,"column":35}},"24":{"start":{"line":69,"column":27},"end":{"line":73,"column":5}},"25":{"start":{"line":74,"column":25},"end":{"line":74,"column":77}},"26":{"start":{"line":75,"column":4},"end":{"line":75,"column":41}},"27":{"start":{"line":76,"column":4},"end":{"line":76,"column":37}},"28":{"start":{"line":79,"column":31},"end":{"line":83,"column":5}},"29":{"start":{"line":84,"column":29},"end":{"line":84,"column":86}},"30":{"start":{"line":85,"column":4},"end":{"line":85,"column":46}},"31":{"start":{"line":86,"column":4},"end":{"line":86,"column":42}},"32":{"start":{"line":89,"column":32},"end":{"line":93,"column":5}},"33":{"start":{"line":94,"column":30},"end":{"line":94,"column":89}},"34":{"start":{"line":95,"column":4},"end":{"line":95,"column":48}},"35":{"start":{"line":96,"column":4},"end":{"line":96,"column":44}},"36":{"start":{"line":99,"column":32},"end":{"line":103,"column":5}},"37":{"start":{"line":104,"column":30},"end":{"line":104,"column":89}},"38":{"start":{"line":105,"column":4},"end":{"line":105,"column":48}},"39":{"start":{"line":106,"column":4},"end":{"line":106,"column":44}},"40":{"start":{"line":109,"column":31},"end":{"line":113,"column":5}},"41":{"start":{"line":114,"column":29},"end":{"line":114,"column":86}},"42":{"start":{"line":115,"column":4},"end":{"line":115,"column":46}},"43":{"start":{"line":116,"column":4},"end":{"line":116,"column":42}},"44":{"start":{"line":118,"column":4},"end":{"line":118,"column":30}},"45":{"start":{"line":122,"column":4},"end":{"line":135,"column":5}},"46":{"start":{"line":122,"column":17},"end":{"line":122,"column":18}},"47":{"start":{"line":123,"column":19},"end":{"line":123,"column":27}},"48":{"start":{"line":124,"column":6},"end":{"line":134,"column":7}},"49":{"start":{"line":125,"column":8},"end":{"line":133,"column":9}},"50":{"start":{"line":126,"column":10},"end":{"line":132,"column":12}},"51":{"start":{"line":136,"column":4},"end":{"line":142,"column":6}}},"fnMap":{"0":{"name":"(anonymous_0)","decl":{"start":{"line":6,"column":2},"end":{"line":6,"column":3}},"loc":{"start":{"line":6,"column":16},"end":{"line":119,"column":3}},"line":6},"1":{"name":"(anonymous_1)","decl":{"start":{"line":121,"column":2},"end":{"line":121,"column":3}},"loc":{"start":{"line":121,"column":37},"end":{"line":143,"column":3}},"line":121}},"branchMap":{"0":{"loc":{"start":{"line":125,"column":8},"end":{"line":133,"column":9}},"type":"if","locations":[{"start":{"line":125,"column":8},"end":{"line":133,"column":9}},{"start":{},"end":{}}],"line":125},"1":{"loc":{"start":{"line":128,"column":54},"end":{"line":128,"column":91}},"type":"cond-expr","locations":[{"start":{"line":128,"column":81},"end":{"line":128,"column":86}},{"start":{"line":128,"column":89},"end":{"line":128,"column":91}}],"line":128}},"s":{"0":2,"1":21,"2":21,"3":21,"4":21,"5":21,"6":21,"7":21,"8":21,"9":21,"10":21,"11":21,"12":21,"13":21,"14":21,"15":21,"16":21,"17":21,"18":21,"19":21,"20":21,"21":21,"22":21,"23":21,"24":21,"25":21,"26":21,"27":21,"28":21,"29":21,"30":21,"31":21,"32":21,"33":21,"34":21,"35":21,"36":21,"37":21,"38":21,"39":21,"40":21,"41":21,"42":21,"43":21,"44":21,"45":212,"46":212,"47":282,"48":282,"49":988,"50":18,"51":194},"f":{"0":21,"1":212},"b":{"0":[18,970],"1":[0,18]},"inputSourceMap":null,"_coverageSchema":"1a1c01bbd47fc00a2c39e90264f33305004495a9","hash":"3e6acf0c56764cfbb182bee52fa1a319e1ecbc82"}
,"/Users/argerfmac/Desktop/yazilim/temp/ictihat-programi-parser/js/meta-processor.js": {"path":"/Users/argerfmac/Desktop/yazilim/temp/ictihat-programi-parser/js/meta-processor.js","statementMap":{"0":{"start":{"line":5,"column":29},"end":{"line":72,"column":1}},"1":{"start":{"line":8,"column":25},"end":{"line":8,"column":163}},"2":{"start":{"line":9,"column":20},"end":{"line":9,"column":121}},"3":{"start":{"line":12,"column":18},"end":{"line":12,"column":78}},"4":{"start":{"line":15,"column":24},"end":{"line":15,"column":95}},"5":{"start":{"line":16,"column":21},"end":{"line":16,"column":47}},"6":{"start":{"line":16,"column":42},"end":{"line":16,"column":46}},"7":{"start":{"line":17,"column":21},"end":{"line":17,"column":69}},"8":{"start":{"line":18,"column":21},"end":{"line":18,"column":78}},"9":{"start":{"line":19,"column":19},"end":{"line":19,"column":102}},"10":{"start":{"line":22,"column":25},"end":{"line":22,"column":97}},"11":{"start":{"line":23,"column":22},"end":{"line":23,"column":49}},"12":{"start":{"line":23,"column":44},"end":{"line":23,"column":48}},"13":{"start":{"line":24,"column":22},"end":{"line":24,"column":72}},"14":{"start":{"line":25,"column":22},"end":{"line":25,"column":81}},"15":{"start":{"line":26,"column":20},"end":{"line":26,"column":106}},"16":{"start":{"line":29,"column":22},"end":{"line":29,"column":49}},"17":{"start":{"line":31,"column":4},"end":{"line":45,"column":6}},"18":{"start":{"line":50,"column":22},"end":{"line":50,"column":90}},"19":{"start":{"line":51,"column":23},"end":{"line":51,"column":74}},"20":{"start":{"line":54,"column":18},"end":{"line":54,"column":40}},"21":{"start":{"line":55,"column":22},"end":{"line":55,"column":24}},"22":{"start":{"line":57,"column":4},"end":{"line":68,"column":7}},"23":{"start":{"line":58,"column":22},"end":{"line":58,"column":33}},"24":{"start":{"line":60,"column":6},"end":{"line":67,"column":7}},"25":{"start":{"line":66,"column":8},"end":{"line":66,"column":32}},"26":{"start":{"line":70,"column":4},"end":{"line":70,"column":51}}},"fnMap":{"0":{"name":"(anonymous_0)","decl":{"start":{"line":6,"column":2},"end":{"line":6,"column":3}},"loc":{"start":{"line":6,"column":16},"end":{"line":46,"column":3}},"line":6},"1":{"name":"(anonymous_1)","decl":{"start":{"line":16,"column":37},"end":{"line":16,"column":38}},"loc":{"start":{"line":16,"column":42},"end":{"line":16,"column":46}},"line":16},"2":{"name":"(anonymous_2)","decl":{"start":{"line":23,"column":39},"end":{"line":23,"column":40}},"loc":{"start":{"line":23,"column":44},"end":{"line":23,"column":48}},"line":23},"3":{"name":"(anonymous_3)","decl":{"start":{"line":48,"column":2},"end":{"line":48,"column":3}},"loc":{"start":{"line":48,"column":25},"end":{"line":71,"column":3}},"line":48},"4":{"name":"(anonymous_4)","decl":{"start":{"line":57,"column":18},"end":{"line":57,"column":19}},"loc":{"start":{"line":57,"column":26},"end":{"line":68,"column":5}},"line":57}},"branchMap":{"0":{"loc":{"start":{"line":9,"column":20},"end":{"line":9,"column":121}},"type":"cond-expr","locations":[{"start":{"line":9,"column":35},"end":{"line":9,"column":114}},{"start":{"line":9,"column":117},"end":{"line":9,"column":121}}],"line":9},"1":{"loc":{"start":{"line":12,"column":18},"end":{"line":12,"column":78}},"type":"binary-expr","locations":[{"start":{"line":12,"column":18},"end":{"line":12,"column":70}},{"start":{"line":12,"column":74},"end":{"line":12,"column":78}}],"line":12},"2":{"loc":{"start":{"line":17,"column":21},"end":{"line":17,"column":69}},"type":"cond-expr","locations":[{"start":{"line":17,"column":43},"end":{"line":17,"column":54}},{"start":{"line":17,"column":57},"end":{"line":17,"column":69}}],"line":17},"3":{"loc":{"start":{"line":18,"column":21},"end":{"line":18,"column":78}},"type":"cond-expr","locations":[{"start":{"line":18,"column":49},"end":{"line":18,"column":71}},{"start":{"line":18,"column":74},"end":{"line":18,"column":78}}],"line":18},"4":{"loc":{"start":{"line":19,"column":19},"end":{"line":19,"column":102}},"type":"cond-expr","locations":[{"start":{"line":19,"column":73},"end":{"line":19,"column":95}},{"start":{"line":19,"column":98},"end":{"line":19,"column":102}}],"line":19},"5":{"loc":{"start":{"line":19,"column":19},"end":{"line":19,"column":70}},"type":"binary-expr","locations":[{"start":{"line":19,"column":19},"end":{"line":19,"column":44}},{"start":{"line":19,"column":48},"end":{"line":19,"column":70}}],"line":19},"6":{"loc":{"start":{"line":24,"column":22},"end":{"line":24,"column":72}},"type":"cond-expr","locations":[{"start":{"line":24,"column":45},"end":{"line":24,"column":57}},{"start":{"line":24,"column":60},"end":{"line":24,"column":72}}],"line":24},"7":{"loc":{"start":{"line":25,"column":22},"end":{"line":25,"column":81}},"type":"cond-expr","locations":[{"start":{"line":25,"column":51},"end":{"line":25,"column":74}},{"start":{"line":25,"column":77},"end":{"line":25,"column":81}}],"line":25},"8":{"loc":{"start":{"line":26,"column":20},"end":{"line":26,"column":106}},"type":"cond-expr","locations":[{"start":{"line":26,"column":76},"end":{"line":26,"column":99}},{"start":{"line":26,"column":102},"end":{"line":26,"column":106}}],"line":26},"9":{"loc":{"start":{"line":26,"column":20},"end":{"line":26,"column":73}},"type":"binary-expr","locations":[{"start":{"line":26,"column":20},"end":{"line":26,"column":46}},{"start":{"line":26,"column":50},"end":{"line":26,"column":73}}],"line":26},"10":{"loc":{"start":{"line":32,"column":15},"end":{"line":32,"column":41}},"type":"binary-expr","locations":[{"start":{"line":32,"column":15},"end":{"line":32,"column":22}},{"start":{"line":32,"column":26},"end":{"line":32,"column":41}}],"line":32},"11":{"loc":{"start":{"line":33,"column":13},"end":{"line":33,"column":26}},"type":"binary-expr","locations":[{"start":{"line":33,"column":13},"end":{"line":33,"column":18}},{"start":{"line":33,"column":22},"end":{"line":33,"column":26}}],"line":33},"12":{"loc":{"start":{"line":35,"column":16},"end":{"line":35,"column":53}},"type":"cond-expr","locations":[{"start":{"line":35,"column":38},"end":{"line":35,"column":46}},{"start":{"line":35,"column":49},"end":{"line":35,"column":53}}],"line":35},"13":{"loc":{"start":{"line":39,"column":17},"end":{"line":39,"column":56}},"type":"cond-expr","locations":[{"start":{"line":39,"column":40},"end":{"line":39,"column":49}},{"start":{"line":39,"column":52},"end":{"line":39,"column":56}}],"line":39},"14":{"loc":{"start":{"line":42,"column":13},"end":{"line":42,"column":66}},"type":"binary-expr","locations":[{"start":{"line":42,"column":13},"end":{"line":42,"column":57}},{"start":{"line":42,"column":61},"end":{"line":42,"column":66}}],"line":42},"15":{"loc":{"start":{"line":43,"column":12},"end":{"line":43,"column":102}},"type":"binary-expr","locations":[{"start":{"line":43,"column":12},"end":{"line":43,"column":73}},{"start":{"line":43,"column":77},"end":{"line":43,"column":102}}],"line":43},"16":{"loc":{"start":{"line":51,"column":23},"end":{"line":51,"column":74}},"type":"cond-expr","locations":[{"start":{"line":51,"column":39},"end":{"line":51,"column":67}},{"start":{"line":51,"column":70},"end":{"line":51,"column":74}}],"line":51},"17":{"loc":{"start":{"line":60,"column":6},"end":{"line":67,"column":7}},"type":"if","locations":[{"start":{"line":60,"column":6},"end":{"line":67,"column":7}},{"start":{},"end":{}}],"line":60},"18":{"loc":{"start":{"line":60,"column":10},"end":{"line":65,"column":61}},"type":"binary-expr","locations":[{"start":{"line":60,"column":10},"end":{"line":60,"column":29}},{"start":{"line":61,"column":10},"end":{"line":61,"column":42}},{"start":{"line":62,"column":10},"end":{"line":62,"column":36}},{"start":{"line":63,"column":10},"end":{"line":63,"column":59}},{"start":{"line":64,"column":10},"end":{"line":64,"column":37}},{"start":{"line":65,"column":10},"end":{"line":65,"column":61}}],"line":60},"19":{"loc":{"start":{"line":70,"column":11},"end":{"line":70,"column":50}},"type":"cond-expr","locations":[{"start":{"line":70,"column":34},"end":{"line":70,"column":43}},{"start":{"line":70,"column":46},"end":{"line":70,"column":50}}],"line":70}},"s":{"0":2,"1":16,"2":16,"3":16,"4":16,"5":16,"6":7,"7":16,"8":16,"9":16,"10":16,"11":16,"12":3,"13":16,"14":16,"15":16,"16":16,"17":16,"18":18,"19":18,"20":18,"21":18,"22":18,"23":31,"24":31,"25":7,"26":18},"f":{"0":16,"1":7,"2":3,"3":18,"4":31},"b":{"0":[5,11],"1":[16,15],"2":[6,10],"3":[6,10],"4":[6,10],"5":[16,6],"6":[2,14],"7":[2,14],"8":[0,16],"9":[16,2],"10":[16,11],"11":[16,15],"12":[6,10],"13":[2,14],"14":[16,15],"15":[16,16],"16":[5,13],"17":[7,24],"18":[31,25,7,7,7,7],"19":[5,13]},"inputSourceMap":null,"_coverageSchema":"1a1c01bbd47fc00a2c39e90264f33305004495a9","hash":"ba1a768b8ea0cf47ae4402800cdcdcb8bfcc2e1f"}
,"/Users/argerfmac/Desktop/yazilim/temp/ictihat-programi-parser/js/sentiment-processor.js": {"path":"/Users/argerfmac/Desktop/yazilim/temp/ictihat-programi-parser/js/sentiment-processor.js","statementMap":{"0":{"start":{"line":7,"column":34},"end":{"line":34,"column":1}},"1":{"start":{"line":9,"column":23},"end":{"line":9,"column":64}},"2":{"start":{"line":10,"column":17},"end":{"line":10,"column":64}},"3":{"start":{"line":11,"column":22},"end":{"line":11,"column":40}},"4":{"start":{"line":13,"column":4},"end":{"line":13,"column":80}},"5":{"start":{"line":13,"column":20},"end":{"line":13,"column":80}},"6":{"start":{"line":15,"column":4},"end":{"line":23,"column":7}},"7":{"start":{"line":16,"column":6},"end":{"line":22,"column":9}},"8":{"start":{"line":17,"column":8},"end":{"line":21,"column":21}},"9":{"start":{"line":18,"column":21},"end":{"line":18,"column":42}},"10":{"start":{"line":19,"column":24},"end":{"line":19,"column":58}},"11":{"start":{"line":20,"column":10},"end":{"line":20,"column":31}},"12":{"start":{"line":26,"column":21},"end":{"line":26,"column":88}},"13":{"start":{"line":26,"column":58},"end":{"line":26,"column":87}},"14":{"start":{"line":28,"column":4},"end":{"line":32,"column":6}}},"fnMap":{"0":{"name":"(anonymous_0)","decl":{"start":{"line":8,"column":2},"end":{"line":8,"column":3}},"loc":{"start":{"line":8,"column":16},"end":{"line":33,"column":3}},"line":8},"1":{"name":"(anonymous_1)","decl":{"start":{"line":15,"column":36},"end":{"line":15,"column":37}},"loc":{"start":{"line":15,"column":43},"end":{"line":23,"column":5}},"line":15},"2":{"name":"(anonymous_2)","decl":{"start":{"line":16,"column":30},"end":{"line":16,"column":31}},"loc":{"start":{"line":16,"column":38},"end":{"line":22,"column":7}},"line":16},"3":{"name":"(anonymous_3)","decl":{"start":{"line":26,"column":48},"end":{"line":26,"column":49}},"loc":{"start":{"line":26,"column":58},"end":{"line":26,"column":87}},"line":26}},"branchMap":{"0":{"loc":{"start":{"line":13,"column":4},"end":{"line":13,"column":80}},"type":"if","locations":[{"start":{"line":13,"column":4},"end":{"line":13,"column":80}},{"start":{},"end":{}}],"line":13},"1":{"loc":{"start":{"line":19,"column":25},"end":{"line":19,"column":50}},"type":"binary-expr","locations":[{"start":{"line":19,"column":25},"end":{"line":19,"column":44}},{"start":{"line":19,"column":48},"end":{"line":19,"column":50}}],"line":19},"2":{"loc":{"start":{"line":26,"column":58},"end":{"line":26,"column":87}},"type":"cond-expr","locations":[{"start":{"line":26,"column":82},"end":{"line":26,"column":83}},{"start":{"line":26,"column":86},"end":{"line":26,"column":87}}],"line":26},"3":{"loc":{"start":{"line":29,"column":11},"end":{"line":29,"column":97}},"type":"cond-expr","locations":[{"start":{"line":29,"column":35},"end":{"line":29,"column":87}},{"start":{"line":29,"column":91},"end":{"line":29,"column":97}}],"line":29},"4":{"loc":{"start":{"line":31,"column":12},"end":{"line":31,"column":65}},"type":"cond-expr","locations":[{"start":{"line":31,"column":32},"end":{"line":31,"column":49}},{"start":{"line":31,"column":52},"end":{"line":31,"column":65}}],"line":31}},"s":{"0":2,"1":15,"2":15,"3":15,"4":15,"5":1,"6":14,"7":56,"8":98,"9":98,"10":98,"11":98,"12":14,"13":42,"14":14},"f":{"0":15,"1":56,"2":98,"3":42},"b":{"0":[1,14],"1":[98,73],"2":[19,23],"3":[9,5],"4":[1,13]},"inputSourceMap":null,"_coverageSchema":"1a1c01bbd47fc00a2c39e90264f33305004495a9","hash":"f378571da077ad8c49bd372498e52bb033d13b58"}
,"/Users/argerfmac/Desktop/yazilim/temp/ictihat-programi-parser/js/stats-processor.js": {"path":"/Users/argerfmac/Desktop/yazilim/temp/ictihat-programi-parser/js/stats-processor.js","statementMap":{"0":{"start":{"line":5,"column":30},"end":{"line":17,"column":1}},"1":{"start":{"line":7,"column":20},"end":{"line":7,"column":31}},"2":{"start":{"line":8,"column":18},"end":{"line":8,"column":66}},"3":{"start":{"line":9,"column":20},"end":{"line":9,"column":77}},"4":{"start":{"line":10,"column":4},"end":{"line":15,"column":6}}},"fnMap":{"0":{"name":"(anonymous_0)","decl":{"start":{"line":6,"column":2},"end":{"line":6,"column":3}},"loc":{"start":{"line":6,"column":32},"end":{"line":16,"column":3}},"line":6}},"branchMap":{"0":{"loc":{"start":{"line":8,"column":18},"end":{"line":8,"column":66}},"type":"cond-expr","locations":[{"start":{"line":8,"column":35},"end":{"line":8,"column":36}},{"start":{"line":8,"column":39},"end":{"line":8,"column":66}}],"line":8},"1":{"loc":{"start":{"line":9,"column":20},"end":{"line":9,"column":77}},"type":"cond-expr","locations":[{"start":{"line":9,"column":32},"end":{"line":9,"column":73}},{"start":{"line":9,"column":76},"end":{"line":9,"column":77}}],"line":9},"2":{"loc":{"start":{"line":14,"column":19},"end":{"line":14,"column":50}},"type":"cond-expr","locations":[{"start":{"line":14,"column":33},"end":{"line":14,"column":41}},{"start":{"line":14,"column":44},"end":{"line":14,"column":50}}],"line":14}},"s":{"0":2,"1":13,"2":13,"3":13,"4":13},"f":{"0":13},"b":{"0":[1,12],"1":[12,1],"2":[1,12]},"inputSourceMap":null,"_coverageSchema":"1a1c01bbd47fc00a2c39e90264f33305004495a9","hash":"de0cfd91b307f491137963ed87c254fbbb4f41c0"}
}
