TN:
SF:js/config.js
FN:6,setLegalDictionary
FN:10,getLegalDictionary
FNF:2
FNH:2
FNDA:25,setLegalDictionary
FNDA:28,getLegalDictionary
DA:4,3
DA:7,25
DA:11,28
LF:3
LH:3
BRF:0
BRH:0
end_of_record
TN:
SF:js/keyword-processor.js
FN:8,(anonymous_0)
FN:16,(anonymous_1)
FNF:2
FNH:2
FNDA:13,(anonymous_0)
FNDA:34,(anonymous_1)
DA:7,2
DA:9,13
DA:11,13
DA:14,12
DA:16,12
DA:19,34
DA:20,34
DA:22,12
LF:8
LH:8
BRDA:11,0,0,1
BRDA:11,0,1,12
BRDA:11,1,0,13
BRDA:11,1,1,12
BRDA:20,2,0,4
BRDA:20,2,1,30
BRF:6
BRH:6
end_of_record
TN:
SF:js/law-processor.js
FN:6,(anonymous_0)
FN:21,(anonymous_1)
FN:49,(anonymous_2)
FN:54,(anonymous_3)
FN:79,(anonymous_4)
FNF:5
FNH:5
FNDA:17,(anonymous_0)
FNDA:24,(anonymous_1)
FNDA:17,(anonymous_2)
FNDA:4,(anonymous_3)
FNDA:2,(anonymous_4)
DA:5,2
DA:7,17
DA:9,17
DA:15,17
DA:18,17
DA:21,17
DA:22,24
DA:26,24
DA:27,11
DA:28,11
DA:30,11
DA:31,0
DA:33,11
DA:35,11
DA:37,11
DA:41,24
DA:42,1
DA:46,17
DA:51,17
DA:54,17
DA:55,4
DA:56,1
DA:57,1
DA:60,17
DA:61,14
DA:68,14
DA:72,17
DA:73,0
DA:74,0
DA:78,17
DA:79,6
DA:80,6
DA:81,5
LF:33
LH:30
BRDA:30,0,0,0
BRDA:30,0,1,11
BRDA:33,1,0,11
BRDA:33,1,1,11
BRDA:35,2,0,11
BRDA:35,2,1,11
BRDA:35,2,2,11
BRDA:35,2,3,11
BRDA:51,3,0,17
BRDA:51,3,1,0
BRDA:55,4,0,3
BRDA:55,4,1,1
BRDA:55,5,0,4
BRDA:55,5,1,4
BRDA:56,6,0,0
BRDA:56,6,1,1
BRDA:56,7,0,1
BRDA:56,7,1,1
BRDA:56,7,2,1
BRDA:60,8,0,14
BRDA:60,8,1,3
BRDA:72,9,0,0
BRDA:72,9,1,17
BRDA:72,10,0,17
BRDA:72,10,1,0
BRDA:78,11,0,6
BRDA:78,11,1,11
BRDA:80,12,0,5
BRDA:80,12,1,1
BRDA:83,13,0,0
BRDA:83,13,1,5
BRF:31
BRH:25
end_of_record
TN:
SF:js/legal-analyzer.js
FN:13,(anonymous_0)
FNF:1
FNH:1
FNDA:9,(anonymous_0)
DA:12,1
DA:14,9
DA:15,7
DA:16,7
LF:4
LH:4
BRDA:14,0,0,2
BRDA:14,0,1,7
BRF:2
BRH:2
end_of_record
TN:
SF:js/legal-logic-processor.js
FN:6,(anonymous_0)
FN:121,(anonymous_1)
FNF:2
FNH:2
FNDA:21,(anonymous_0)
FNDA:212,(anonymous_1)
DA:5,2
DA:7,21
DA:8,21
DA:9,21
DA:12,21
DA:17,21
DA:18,21
DA:19,21
DA:22,21
DA:29,21
DA:30,21
DA:31,21
DA:34,21
DA:41,21
DA:42,21
DA:43,21
DA:46,21
DA:53,21
DA:54,21
DA:55,21
DA:58,21
DA:64,21
DA:65,21
DA:66,21
DA:69,21
DA:74,21
DA:75,21
DA:76,21
DA:79,21
DA:84,21
DA:85,21
DA:86,21
DA:89,21
DA:94,21
DA:95,21
DA:96,21
DA:99,21
DA:104,21
DA:105,21
DA:106,21
DA:109,21
DA:114,21
DA:115,21
DA:116,21
DA:118,21
DA:122,212
DA:123,282
DA:124,282
DA:125,988
DA:126,18
DA:136,194
LF:51
LH:51
BRDA:125,0,0,18
BRDA:125,0,1,970
BRDA:128,1,0,0
BRDA:128,1,1,18
BRF:4
BRH:3
end_of_record
TN:
SF:js/meta-processor.js
FN:6,(anonymous_0)
FN:16,(anonymous_1)
FN:23,(anonymous_2)
FN:48,(anonymous_3)
FN:57,(anonymous_4)
FNF:5
FNH:5
FNDA:16,(anonymous_0)
FNDA:7,(anonymous_1)
FNDA:3,(anonymous_2)
FNDA:18,(anonymous_3)
FNDA:31,(anonymous_4)
DA:5,2
DA:8,16
DA:9,16
DA:12,16
DA:15,16
DA:16,16
DA:17,16
DA:18,16
DA:19,16
DA:22,16
DA:23,16
DA:24,16
DA:25,16
DA:26,16
DA:29,16
DA:31,16
DA:50,18
DA:51,18
DA:54,18
DA:55,18
DA:57,18
DA:58,31
DA:60,31
DA:66,7
DA:70,18
LF:25
LH:25
BRDA:9,0,0,5
BRDA:9,0,1,11
BRDA:12,1,0,16
BRDA:12,1,1,15
BRDA:17,2,0,6
BRDA:17,2,1,10
BRDA:18,3,0,6
BRDA:18,3,1,10
BRDA:19,4,0,6
BRDA:19,4,1,10
BRDA:19,5,0,16
BRDA:19,5,1,6
BRDA:24,6,0,2
BRDA:24,6,1,14
BRDA:25,7,0,2
BRDA:25,7,1,14
BRDA:26,8,0,0
BRDA:26,8,1,16
BRDA:26,9,0,16
BRDA:26,9,1,2
BRDA:32,10,0,16
BRDA:32,10,1,11
BRDA:33,11,0,16
BRDA:33,11,1,15
BRDA:35,12,0,6
BRDA:35,12,1,10
BRDA:39,13,0,2
BRDA:39,13,1,14
BRDA:42,14,0,16
BRDA:42,14,1,15
BRDA:43,15,0,16
BRDA:43,15,1,16
BRDA:51,16,0,5
BRDA:51,16,1,13
BRDA:60,17,0,7
BRDA:60,17,1,24
BRDA:60,18,0,31
BRDA:60,18,1,25
BRDA:60,18,2,7
BRDA:60,18,3,7
BRDA:60,18,4,7
BRDA:60,18,5,7
BRDA:70,19,0,5
BRDA:70,19,1,13
BRF:44
BRH:43
end_of_record
TN:
SF:js/sentiment-processor.js
FN:8,(anonymous_0)
FN:15,(anonymous_1)
FN:16,(anonymous_2)
FN:26,(anonymous_3)
FNF:4
FNH:4
FNDA:15,(anonymous_0)
FNDA:56,(anonymous_1)
FNDA:98,(anonymous_2)
FNDA:42,(anonymous_3)
DA:7,2
DA:9,15
DA:10,15
DA:11,15
DA:13,15
DA:15,14
DA:16,56
DA:17,98
DA:18,98
DA:19,98
DA:20,98
DA:26,42
DA:28,14
LF:13
LH:13
BRDA:13,0,0,1
BRDA:13,0,1,14
BRDA:19,1,0,98
BRDA:19,1,1,73
BRDA:26,2,0,19
BRDA:26,2,1,23
BRDA:29,3,0,9
BRDA:29,3,1,5
BRDA:31,4,0,1
BRDA:31,4,1,13
BRF:10
BRH:10
end_of_record
TN:
SF:js/stats-processor.js
FN:6,(anonymous_0)
FNF:1
FNH:1
FNDA:13,(anonymous_0)
DA:5,2
DA:7,13
DA:8,13
DA:9,13
DA:10,13
LF:5
LH:5
BRDA:8,0,0,1
BRDA:8,0,1,12
BRDA:9,1,0,12
BRDA:9,1,1,1
BRDA:14,2,0,1
BRDA:14,2,1,12
BRF:6
BRH:6
end_of_record
